Command: vcs -full64 -R -sverilog -ntb_opts uvm-1.1 testcase.sv -l vcs.log +UVM_TESTNAME=hello_world \

                         Chronologic VCS (TM)
       Version L-2016.06-SP1_Full64 -- Tue Jan 30 20:19:25 2018
               Copyright (c) 1991-2016 by Synopsys Inc.
                         ALL RIGHTS RESERVED

This program is proprietary and confidential information of Synopsys Inc.
and may be used and disclosed only as authorized in a license agreement
controlling such use and disclosure.

Parsing design file '/usr/synopsys/vcs-mx_L-2016.06-SP1//etc/uvm-1.1/uvm_pkg.sv'
Parsing included file '/usr/synopsys/vcs-mx_L-2016.06-SP1//etc/uvm-1.1/uvm_macros.svh'.
Parsing included file '/usr/synopsys/vcs-mx_L-2016.06-SP1//etc/uvm-1.1/macros/uvm_version_defines.svh'.
Back to file '/usr/synopsys/vcs-mx_L-2016.06-SP1//etc/uvm-1.1/uvm_macros.svh'.
Parsing included file '/usr/synopsys/vcs-mx_L-2016.06-SP1//etc/uvm-1.1/macros/uvm_message_defines.svh'.
Back to file '/usr/synopsys/vcs-mx_L-2016.06-SP1//etc/uvm-1.1/uvm_macros.svh'.
Parsing included file '/usr/synopsys/vcs-mx_L-2016.06-SP1//etc/uvm-1.1/macros/uvm_phase_defines.svh'.
Back to file '/usr/synopsys/vcs-mx_L-2016.06-SP1//etc/uvm-1.1/uvm_macros.svh'.
Parsing included file '/usr/synopsys/vcs-mx_L-2016.06-SP1//etc/uvm-1.1/macros/uvm_object_defines.svh'.
Back to file '/usr/synopsys/vcs-mx_L-2016.06-SP1//etc/uvm-1.1/uvm_macros.svh'.
Parsing included file '/usr/synopsys/vcs-mx_L-2016.06-SP1//etc/uvm-1.1/macros/uvm_printer_defines.svh'.
Back to file '/usr/synopsys/vcs-mx_L-2016.06-SP1//etc/uvm-1.1/uvm_macros.svh'.
Parsing included file '/usr/synopsys/vcs-mx_L-2016.06-SP1//etc/uvm-1.1/macros/uvm_tlm_defines.svh'.
Parsing included file '/usr/synopsys/vcs-mx_L-2016.06-SP1//etc/uvm-1.1/tlm1/uvm_tlm_imps.svh'.
Back to file '/usr/synopsys/vcs-mx_L-2016.06-SP1//etc/uvm-1.1/macros/uvm_tlm_defines.svh'.
Back to file '/usr/synopsys/vcs-mx_L-2016.06-SP1//etc/uvm-1.1/uvm_macros.svh'.
Parsing included file '/usr/synopsys/vcs-mx_L-2016.06-SP1//etc/uvm-1.1/macros/uvm_sequence_defines.svh'.
Back to file '/usr/synopsys/vcs-mx_L-2016.06-SP1//etc/uvm-1.1/uvm_macros.svh'.
Parsing included file '/usr/synopsys/vcs-mx_L-2016.06-SP1//etc/uvm-1.1/macros/uvm_callback_defines.svh'.
Back to file '/usr/synopsys/vcs-mx_L-2016.06-SP1//etc/uvm-1.1/uvm_macros.svh'.
Parsing included file '/usr/synopsys/vcs-mx_L-2016.06-SP1//etc/uvm-1.1/macros/uvm_reg_defines.svh'.
Back to file '/usr/synopsys/vcs-mx_L-2016.06-SP1//etc/uvm-1.1/uvm_macros.svh'.
Parsing included file '/usr/synopsys/vcs-mx_L-2016.06-SP1//etc/uvm-1.1/macros/uvm_deprecated_defines.svh'.
Back to file '/usr/synopsys/vcs-mx_L-2016.06-SP1//etc/uvm-1.1/uvm_macros.svh'.
Back to file '/usr/synopsys/vcs-mx_L-2016.06-SP1//etc/uvm-1.1/uvm_pkg.sv'.
Parsing included file '/usr/synopsys/vcs-mx_L-2016.06-SP1//etc/uvm-1.1/directc/uvm_directc.svh'.
Parsing included file '/usr/synopsys/vcs-mx_L-2016.06-SP1//etc/uvm-1.1/directc/uvm_seed.vh'.
Back to file '/usr/synopsys/vcs-mx_L-2016.06-SP1//etc/uvm-1.1/directc/uvm_directc.svh'.
Back to file '/usr/synopsys/vcs-mx_L-2016.06-SP1//etc/uvm-1.1/uvm_pkg.sv'.
Parsing included file '/usr/synopsys/vcs-mx_L-2016.06-SP1//etc/uvm-1.1/dpi/uvm_dpi.svh'.
Parsing included file '/usr/synopsys/vcs-mx_L-2016.06-SP1//etc/uvm-1.1/dpi/uvm_hdl.svh'.
Back to file '/usr/synopsys/vcs-mx_L-2016.06-SP1//etc/uvm-1.1/dpi/uvm_dpi.svh'.
Parsing included file '/usr/synopsys/vcs-mx_L-2016.06-SP1//etc/uvm-1.1/dpi/uvm_svcmd_dpi.svh'.
Back to file '/usr/synopsys/vcs-mx_L-2016.06-SP1//etc/uvm-1.1/dpi/uvm_dpi.svh'.
Parsing included file '/usr/synopsys/vcs-mx_L-2016.06-SP1//etc/uvm-1.1/dpi/uvm_regex.svh'.
Back to file '/usr/synopsys/vcs-mx_L-2016.06-SP1//etc/uvm-1.1/dpi/uvm_dpi.svh'.
Back to file '/usr/synopsys/vcs-mx_L-2016.06-SP1//etc/uvm-1.1/uvm_pkg.sv'.
Parsing included file '/usr/synopsys/vcs-mx_L-2016.06-SP1//etc/uvm-1.1/base/uvm_base.svh'.
Parsing included file '/usr/synopsys/vcs-mx_L-2016.06-SP1//etc/uvm-1.1/base/uvm_version.svh'.
Back to file '/usr/synopsys/vcs-mx_L-2016.06-SP1//etc/uvm-1.1/base/uvm_base.svh'.
Parsing included file '/usr/synopsys/vcs-mx_L-2016.06-SP1//etc/uvm-1.1/base/uvm_object_globals.svh'.
Back to file '/usr/synopsys/vcs-mx_L-2016.06-SP1//etc/uvm-1.1/base/uvm_base.svh'.
Parsing included file '/usr/synopsys/vcs-mx_L-2016.06-SP1//etc/uvm-1.1/base/uvm_misc.svh'.
Back to file '/usr/synopsys/vcs-mx_L-2016.06-SP1//etc/uvm-1.1/base/uvm_base.svh'.
Parsing included file '/usr/synopsys/vcs-mx_L-2016.06-SP1//etc/uvm-1.1/base/uvm_object.svh'.
Back to file '/usr/synopsys/vcs-mx_L-2016.06-SP1//etc/uvm-1.1/base/uvm_base.svh'.
Parsing included file '/usr/synopsys/vcs-mx_L-2016.06-SP1//etc/uvm-1.1/base/uvm_pool.svh'.
Back to file '/usr/synopsys/vcs-mx_L-2016.06-SP1//etc/uvm-1.1/base/uvm_base.svh'.
Parsing included file '/usr/synopsys/vcs-mx_L-2016.06-SP1//etc/uvm-1.1/base/uvm_queue.svh'.
Back to file '/usr/synopsys/vcs-mx_L-2016.06-SP1//etc/uvm-1.1/base/uvm_base.svh'.
Parsing included file '/usr/synopsys/vcs-mx_L-2016.06-SP1//etc/uvm-1.1/base/uvm_factory.svh'.
Back to file '/usr/synopsys/vcs-mx_L-2016.06-SP1//etc/uvm-1.1/base/uvm_base.svh'.
Parsing included file '/usr/synopsys/vcs-mx_L-2016.06-SP1//etc/uvm-1.1/base/uvm_registry.svh'.
Back to file '/usr/synopsys/vcs-mx_L-2016.06-SP1//etc/uvm-1.1/base/uvm_base.svh'.
Parsing included file '/usr/synopsys/vcs-mx_L-2016.06-SP1//etc/uvm-1.1/base/uvm_spell_chkr.svh'.
Back to file '/usr/synopsys/vcs-mx_L-2016.06-SP1//etc/uvm-1.1/base/uvm_base.svh'.
Parsing included file '/usr/synopsys/vcs-mx_L-2016.06-SP1//etc/uvm-1.1/base/uvm_resource.svh'.
Back to file '/usr/synopsys/vcs-mx_L-2016.06-SP1//etc/uvm-1.1/base/uvm_base.svh'.
Parsing included file '/usr/synopsys/vcs-mx_L-2016.06-SP1//etc/uvm-1.1/deprecated/uvm_resource_converter.svh'.
Back to file '/usr/synopsys/vcs-mx_L-2016.06-SP1//etc/uvm-1.1/base/uvm_base.svh'.
Parsing included file '/usr/synopsys/vcs-mx_L-2016.06-SP1//etc/uvm-1.1/base/uvm_resource_specializations.svh'.
Back to file '/usr/synopsys/vcs-mx_L-2016.06-SP1//etc/uvm-1.1/base/uvm_base.svh'.
Parsing included file '/usr/synopsys/vcs-mx_L-2016.06-SP1//etc/uvm-1.1/base/uvm_resource_db.svh'.
Back to file '/usr/synopsys/vcs-mx_L-2016.06-SP1//etc/uvm-1.1/base/uvm_base.svh'.
Parsing included file '/usr/synopsys/vcs-mx_L-2016.06-SP1//etc/uvm-1.1/base/uvm_config_db.svh'.
Back to file '/usr/synopsys/vcs-mx_L-2016.06-SP1//etc/uvm-1.1/base/uvm_base.svh'.
Parsing included file '/usr/synopsys/vcs-mx_L-2016.06-SP1//etc/uvm-1.1/base/uvm_printer.svh'.
Back to file '/usr/synopsys/vcs-mx_L-2016.06-SP1//etc/uvm-1.1/base/uvm_base.svh'.
Parsing included file '/usr/synopsys/vcs-mx_L-2016.06-SP1//etc/uvm-1.1/base/uvm_comparer.svh'.
Back to file '/usr/synopsys/vcs-mx_L-2016.06-SP1//etc/uvm-1.1/base/uvm_base.svh'.
Parsing included file '/usr/synopsys/vcs-mx_L-2016.06-SP1//etc/uvm-1.1/base/uvm_packer.svh'.
Back to file '/usr/synopsys/vcs-mx_L-2016.06-SP1//etc/uvm-1.1/base/uvm_base.svh'.
Parsing included file '/usr/synopsys/vcs-mx_L-2016.06-SP1//etc/uvm-1.1/base/uvm_recorder.svh'.
Back to file '/usr/synopsys/vcs-mx_L-2016.06-SP1//etc/uvm-1.1/base/uvm_base.svh'.
Parsing included file '/usr/synopsys/vcs-mx_L-2016.06-SP1//etc/uvm-1.1/base/uvm_event_callback.svh'.
Back to file '/usr/synopsys/vcs-mx_L-2016.06-SP1//etc/uvm-1.1/base/uvm_base.svh'.
Parsing included file '/usr/synopsys/vcs-mx_L-2016.06-SP1//etc/uvm-1.1/base/uvm_event.svh'.
Back to file '/usr/synopsys/vcs-mx_L-2016.06-SP1//etc/uvm-1.1/base/uvm_base.svh'.
Parsing included file '/usr/synopsys/vcs-mx_L-2016.06-SP1//etc/uvm-1.1/base/uvm_barrier.svh'.
Back to file '/usr/synopsys/vcs-mx_L-2016.06-SP1//etc/uvm-1.1/base/uvm_base.svh'.
Parsing included file '/usr/synopsys/vcs-mx_L-2016.06-SP1//etc/uvm-1.1/base/uvm_callback.svh'.
Parsing included file '/usr/synopsys/vcs-mx_L-2016.06-SP1//etc/uvm-1.1/uvm_macros.svh'.
Back to file '/usr/synopsys/vcs-mx_L-2016.06-SP1//etc/uvm-1.1/base/uvm_callback.svh'.
Back to file '/usr/synopsys/vcs-mx_L-2016.06-SP1//etc/uvm-1.1/base/uvm_base.svh'.
Parsing included file '/usr/synopsys/vcs-mx_L-2016.06-SP1//etc/uvm-1.1/base/uvm_report_catcher.svh'.
Back to file '/usr/synopsys/vcs-mx_L-2016.06-SP1//etc/uvm-1.1/base/uvm_base.svh'.
Parsing included file '/usr/synopsys/vcs-mx_L-2016.06-SP1//etc/uvm-1.1/base/uvm_report_server.svh'.
Back to file '/usr/synopsys/vcs-mx_L-2016.06-SP1//etc/uvm-1.1/base/uvm_base.svh'.
Parsing included file '/usr/synopsys/vcs-mx_L-2016.06-SP1//etc/uvm-1.1/base/uvm_report_handler.svh'.
Back to file '/usr/synopsys/vcs-mx_L-2016.06-SP1//etc/uvm-1.1/base/uvm_base.svh'.
Parsing included file '/usr/synopsys/vcs-mx_L-2016.06-SP1//etc/uvm-1.1/base/uvm_report_object.svh'.
Back to file '/usr/synopsys/vcs-mx_L-2016.06-SP1//etc/uvm-1.1/base/uvm_base.svh'.
Parsing included file '/usr/synopsys/vcs-mx_L-2016.06-SP1//etc/uvm-1.1/base/uvm_transaction.svh'.
Back to file '/usr/synopsys/vcs-mx_L-2016.06-SP1//etc/uvm-1.1/base/uvm_base.svh'.
Parsing included file '/usr/synopsys/vcs-mx_L-2016.06-SP1//etc/uvm-1.1/base/uvm_phase.svh'.
Back to file '/usr/synopsys/vcs-mx_L-2016.06-SP1//etc/uvm-1.1/base/uvm_base.svh'.
Parsing included file '/usr/synopsys/vcs-mx_L-2016.06-SP1//etc/uvm-1.1/base/uvm_domain.svh'.
Back to file '/usr/synopsys/vcs-mx_L-2016.06-SP1//etc/uvm-1.1/base/uvm_base.svh'.
Parsing included file '/usr/synopsys/vcs-mx_L-2016.06-SP1//etc/uvm-1.1/base/uvm_bottomup_phase.svh'.
Back to file '/usr/synopsys/vcs-mx_L-2016.06-SP1//etc/uvm-1.1/base/uvm_base.svh'.
Parsing included file '/usr/synopsys/vcs-mx_L-2016.06-SP1//etc/uvm-1.1/base/uvm_topdown_phase.svh'.
Back to file '/usr/synopsys/vcs-mx_L-2016.06-SP1//etc/uvm-1.1/base/uvm_base.svh'.
Parsing included file '/usr/synopsys/vcs-mx_L-2016.06-SP1//etc/uvm-1.1/base/uvm_task_phase.svh'.
Back to file '/usr/synopsys/vcs-mx_L-2016.06-SP1//etc/uvm-1.1/base/uvm_base.svh'.
Parsing included file '/usr/synopsys/vcs-mx_L-2016.06-SP1//etc/uvm-1.1/base/uvm_common_phases.svh'.
Back to file '/usr/synopsys/vcs-mx_L-2016.06-SP1//etc/uvm-1.1/base/uvm_base.svh'.
Parsing included file '/usr/synopsys/vcs-mx_L-2016.06-SP1//etc/uvm-1.1/base/uvm_runtime_phases.svh'.
Back to file '/usr/synopsys/vcs-mx_L-2016.06-SP1//etc/uvm-1.1/base/uvm_base.svh'.
Parsing included file '/usr/synopsys/vcs-mx_L-2016.06-SP1//etc/uvm-1.1/base/uvm_component.svh'.
Parsing included file '/usr/synopsys/vcs-mx_L-2016.06-SP1//etc/uvm-1.1/base/uvm_root.svh'.
Back to file '/usr/synopsys/vcs-mx_L-2016.06-SP1//etc/uvm-1.1/base/uvm_component.svh'.
Back to file '/usr/synopsys/vcs-mx_L-2016.06-SP1//etc/uvm-1.1/base/uvm_base.svh'.
Parsing included file '/usr/synopsys/vcs-mx_L-2016.06-SP1//etc/uvm-1.1/base/uvm_objection.svh'.
Back to file '/usr/synopsys/vcs-mx_L-2016.06-SP1//etc/uvm-1.1/base/uvm_base.svh'.
Parsing included file '/usr/synopsys/vcs-mx_L-2016.06-SP1//etc/uvm-1.1/base/uvm_heartbeat.svh'.
Back to file '/usr/synopsys/vcs-mx_L-2016.06-SP1//etc/uvm-1.1/base/uvm_base.svh'.
Parsing included file '/usr/synopsys/vcs-mx_L-2016.06-SP1//etc/uvm-1.1/base/uvm_globals.svh'.
Back to file '/usr/synopsys/vcs-mx_L-2016.06-SP1//etc/uvm-1.1/base/uvm_base.svh'.
Parsing included file '/usr/synopsys/vcs-mx_L-2016.06-SP1//etc/uvm-1.1/base/uvm_cmdline_processor.svh'.
Back to file '/usr/synopsys/vcs-mx_L-2016.06-SP1//etc/uvm-1.1/base/uvm_base.svh'.
Back to file '/usr/synopsys/vcs-mx_L-2016.06-SP1//etc/uvm-1.1/uvm_pkg.sv'.
Parsing included file '/usr/synopsys/vcs-mx_L-2016.06-SP1//etc/uvm-1.1/tlm1/uvm_tlm.svh'.
Parsing included file '/usr/synopsys/vcs-mx_L-2016.06-SP1//etc/uvm-1.1/tlm1/uvm_tlm_ifs.svh'.
Back to file '/usr/synopsys/vcs-mx_L-2016.06-SP1//etc/uvm-1.1/tlm1/uvm_tlm.svh'.
Parsing included file '/usr/synopsys/vcs-mx_L-2016.06-SP1//etc/uvm-1.1/tlm1/uvm_sqr_ifs.svh'.
Back to file '/usr/synopsys/vcs-mx_L-2016.06-SP1//etc/uvm-1.1/tlm1/uvm_tlm.svh'.
Parsing included file '/usr/synopsys/vcs-mx_L-2016.06-SP1//etc/uvm-1.1/base/uvm_port_base.svh'.
Back to file '/usr/synopsys/vcs-mx_L-2016.06-SP1//etc/uvm-1.1/tlm1/uvm_tlm.svh'.
Parsing included file '/usr/synopsys/vcs-mx_L-2016.06-SP1//etc/uvm-1.1/tlm1/uvm_tlm_imps.svh'.
Back to file '/usr/synopsys/vcs-mx_L-2016.06-SP1//etc/uvm-1.1/tlm1/uvm_tlm.svh'.
Parsing included file '/usr/synopsys/vcs-mx_L-2016.06-SP1//etc/uvm-1.1/tlm1/uvm_imps.svh'.
Back to file '/usr/synopsys/vcs-mx_L-2016.06-SP1//etc/uvm-1.1/tlm1/uvm_tlm.svh'.
Parsing included file '/usr/synopsys/vcs-mx_L-2016.06-SP1//etc/uvm-1.1/tlm1/uvm_ports.svh'.
Back to file '/usr/synopsys/vcs-mx_L-2016.06-SP1//etc/uvm-1.1/tlm1/uvm_tlm.svh'.
Parsing included file '/usr/synopsys/vcs-mx_L-2016.06-SP1//etc/uvm-1.1/tlm1/uvm_exports.svh'.
Back to file '/usr/synopsys/vcs-mx_L-2016.06-SP1//etc/uvm-1.1/tlm1/uvm_tlm.svh'.
Parsing included file '/usr/synopsys/vcs-mx_L-2016.06-SP1//etc/uvm-1.1/tlm1/uvm_analysis_port.svh'.
Back to file '/usr/synopsys/vcs-mx_L-2016.06-SP1//etc/uvm-1.1/tlm1/uvm_tlm.svh'.
Parsing included file '/usr/synopsys/vcs-mx_L-2016.06-SP1//etc/uvm-1.1/tlm1/uvm_tlm_fifo_base.svh'.
Back to file '/usr/synopsys/vcs-mx_L-2016.06-SP1//etc/uvm-1.1/tlm1/uvm_tlm.svh'.
Parsing included file '/usr/synopsys/vcs-mx_L-2016.06-SP1//etc/uvm-1.1/tlm1/uvm_tlm_fifos.svh'.
Back to file '/usr/synopsys/vcs-mx_L-2016.06-SP1//etc/uvm-1.1/tlm1/uvm_tlm.svh'.
Parsing included file '/usr/synopsys/vcs-mx_L-2016.06-SP1//etc/uvm-1.1/tlm1/uvm_tlm_req_rsp.svh'.
Back to file '/usr/synopsys/vcs-mx_L-2016.06-SP1//etc/uvm-1.1/tlm1/uvm_tlm.svh'.
Parsing included file '/usr/synopsys/vcs-mx_L-2016.06-SP1//etc/uvm-1.1/tlm1/uvm_sqr_connections.svh'.
Back to file '/usr/synopsys/vcs-mx_L-2016.06-SP1//etc/uvm-1.1/tlm1/uvm_tlm.svh'.
Back to file '/usr/synopsys/vcs-mx_L-2016.06-SP1//etc/uvm-1.1/uvm_pkg.sv'.
Parsing included file '/usr/synopsys/vcs-mx_L-2016.06-SP1//etc/uvm-1.1/comps/uvm_comps.svh'.
Parsing included file '/usr/synopsys/vcs-mx_L-2016.06-SP1//etc/uvm-1.1/comps/uvm_pair.svh'.
Back to file '/usr/synopsys/vcs-mx_L-2016.06-SP1//etc/uvm-1.1/comps/uvm_comps.svh'.
Parsing included file '/usr/synopsys/vcs-mx_L-2016.06-SP1//etc/uvm-1.1/comps/uvm_policies.svh'.
Back to file '/usr/synopsys/vcs-mx_L-2016.06-SP1//etc/uvm-1.1/comps/uvm_comps.svh'.
Parsing included file '/usr/synopsys/vcs-mx_L-2016.06-SP1//etc/uvm-1.1/comps/uvm_in_order_comparator.svh'.
Back to file '/usr/synopsys/vcs-mx_L-2016.06-SP1//etc/uvm-1.1/comps/uvm_comps.svh'.
Parsing included file '/usr/synopsys/vcs-mx_L-2016.06-SP1//etc/uvm-1.1/comps/uvm_algorithmic_comparator.svh'.
Back to file '/usr/synopsys/vcs-mx_L-2016.06-SP1//etc/uvm-1.1/comps/uvm_comps.svh'.
Parsing included file '/usr/synopsys/vcs-mx_L-2016.06-SP1//etc/uvm-1.1/comps/uvm_random_stimulus.svh'.
Back to file '/usr/synopsys/vcs-mx_L-2016.06-SP1//etc/uvm-1.1/comps/uvm_comps.svh'.
Parsing included file '/usr/synopsys/vcs-mx_L-2016.06-SP1//etc/uvm-1.1/comps/uvm_subscriber.svh'.
Back to file '/usr/synopsys/vcs-mx_L-2016.06-SP1//etc/uvm-1.1/comps/uvm_comps.svh'.
Parsing included file '/usr/synopsys/vcs-mx_L-2016.06-SP1//etc/uvm-1.1/comps/uvm_monitor.svh'.
Back to file '/usr/synopsys/vcs-mx_L-2016.06-SP1//etc/uvm-1.1/comps/uvm_comps.svh'.
Parsing included file '/usr/synopsys/vcs-mx_L-2016.06-SP1//etc/uvm-1.1/comps/uvm_driver.svh'.
Back to file '/usr/synopsys/vcs-mx_L-2016.06-SP1//etc/uvm-1.1/comps/uvm_comps.svh'.
Parsing included file '/usr/synopsys/vcs-mx_L-2016.06-SP1//etc/uvm-1.1/comps/uvm_push_driver.svh'.
Back to file '/usr/synopsys/vcs-mx_L-2016.06-SP1//etc/uvm-1.1/comps/uvm_comps.svh'.
Parsing included file '/usr/synopsys/vcs-mx_L-2016.06-SP1//etc/uvm-1.1/comps/uvm_scoreboard.svh'.
Back to file '/usr/synopsys/vcs-mx_L-2016.06-SP1//etc/uvm-1.1/comps/uvm_comps.svh'.
Parsing included file '/usr/synopsys/vcs-mx_L-2016.06-SP1//etc/uvm-1.1/comps/uvm_agent.svh'.
Back to file '/usr/synopsys/vcs-mx_L-2016.06-SP1//etc/uvm-1.1/comps/uvm_comps.svh'.
Parsing included file '/usr/synopsys/vcs-mx_L-2016.06-SP1//etc/uvm-1.1/comps/uvm_env.svh'.
Back to file '/usr/synopsys/vcs-mx_L-2016.06-SP1//etc/uvm-1.1/comps/uvm_comps.svh'.
Parsing included file '/usr/synopsys/vcs-mx_L-2016.06-SP1//etc/uvm-1.1/comps/uvm_test.svh'.
Back to file '/usr/synopsys/vcs-mx_L-2016.06-SP1//etc/uvm-1.1/comps/uvm_comps.svh'.
Back to file '/usr/synopsys/vcs-mx_L-2016.06-SP1//etc/uvm-1.1/uvm_pkg.sv'.
Parsing included file '/usr/synopsys/vcs-mx_L-2016.06-SP1//etc/uvm-1.1/seq/uvm_seq.svh'.
Parsing included file '/usr/synopsys/vcs-mx_L-2016.06-SP1//etc/uvm-1.1/seq/uvm_sequence_item.svh'.
Back to file '/usr/synopsys/vcs-mx_L-2016.06-SP1//etc/uvm-1.1/seq/uvm_seq.svh'.
Parsing included file '/usr/synopsys/vcs-mx_L-2016.06-SP1//etc/uvm-1.1/seq/uvm_sequencer_base.svh'.
Back to file '/usr/synopsys/vcs-mx_L-2016.06-SP1//etc/uvm-1.1/seq/uvm_seq.svh'.
Parsing included file '/usr/synopsys/vcs-mx_L-2016.06-SP1//etc/uvm-1.1/seq/uvm_sequencer_analysis_fifo.svh'.
Back to file '/usr/synopsys/vcs-mx_L-2016.06-SP1//etc/uvm-1.1/seq/uvm_seq.svh'.
Parsing included file '/usr/synopsys/vcs-mx_L-2016.06-SP1//etc/uvm-1.1/seq/uvm_sequencer_param_base.svh'.
Back to file '/usr/synopsys/vcs-mx_L-2016.06-SP1//etc/uvm-1.1/seq/uvm_seq.svh'.
Parsing included file '/usr/synopsys/vcs-mx_L-2016.06-SP1//etc/uvm-1.1/seq/uvm_sequencer.svh'.
Back to file '/usr/synopsys/vcs-mx_L-2016.06-SP1//etc/uvm-1.1/seq/uvm_seq.svh'.
Parsing included file '/usr/synopsys/vcs-mx_L-2016.06-SP1//etc/uvm-1.1/seq/uvm_push_sequencer.svh'.
Back to file '/usr/synopsys/vcs-mx_L-2016.06-SP1//etc/uvm-1.1/seq/uvm_seq.svh'.
Parsing included file '/usr/synopsys/vcs-mx_L-2016.06-SP1//etc/uvm-1.1/seq/uvm_sequence_base.svh'.
Back to file '/usr/synopsys/vcs-mx_L-2016.06-SP1//etc/uvm-1.1/seq/uvm_seq.svh'.
Parsing included file '/usr/synopsys/vcs-mx_L-2016.06-SP1//etc/uvm-1.1/seq/uvm_sequence.svh'.
Back to file '/usr/synopsys/vcs-mx_L-2016.06-SP1//etc/uvm-1.1/seq/uvm_seq.svh'.
Parsing included file '/usr/synopsys/vcs-mx_L-2016.06-SP1//etc/uvm-1.1/seq/uvm_sequence_library.svh'.
Back to file '/usr/synopsys/vcs-mx_L-2016.06-SP1//etc/uvm-1.1/seq/uvm_seq.svh'.
Parsing included file '/usr/synopsys/vcs-mx_L-2016.06-SP1//etc/uvm-1.1/seq/uvm_sequence_builtin.svh'.
Back to file '/usr/synopsys/vcs-mx_L-2016.06-SP1//etc/uvm-1.1/seq/uvm_seq.svh'.
Back to file '/usr/synopsys/vcs-mx_L-2016.06-SP1//etc/uvm-1.1/uvm_pkg.sv'.
Parsing included file '/usr/synopsys/vcs-mx_L-2016.06-SP1//etc/uvm-1.1/tlm2/uvm_tlm2.svh'.
Parsing included file '/usr/synopsys/vcs-mx_L-2016.06-SP1//etc/uvm-1.1/tlm2/uvm_tlm2_defines.svh'.
Back to file '/usr/synopsys/vcs-mx_L-2016.06-SP1//etc/uvm-1.1/tlm2/uvm_tlm2.svh'.
Parsing included file '/usr/synopsys/vcs-mx_L-2016.06-SP1//etc/uvm-1.1/tlm2/uvm_tlm2_time.svh'.
Back to file '/usr/synopsys/vcs-mx_L-2016.06-SP1//etc/uvm-1.1/tlm2/uvm_tlm2.svh'.
Parsing included file '/usr/synopsys/vcs-mx_L-2016.06-SP1//etc/uvm-1.1/tlm2/uvm_tlm2_generic_payload.svh'.
Back to file '/usr/synopsys/vcs-mx_L-2016.06-SP1//etc/uvm-1.1/tlm2/uvm_tlm2.svh'.
Parsing included file '/usr/synopsys/vcs-mx_L-2016.06-SP1//etc/uvm-1.1/tlm2/uvm_tlm2_ifs.svh'.
Back to file '/usr/synopsys/vcs-mx_L-2016.06-SP1//etc/uvm-1.1/tlm2/uvm_tlm2.svh'.
Parsing included file '/usr/synopsys/vcs-mx_L-2016.06-SP1//etc/uvm-1.1/tlm2/uvm_tlm2_imps.svh'.
Back to file '/usr/synopsys/vcs-mx_L-2016.06-SP1//etc/uvm-1.1/tlm2/uvm_tlm2.svh'.
Parsing included file '/usr/synopsys/vcs-mx_L-2016.06-SP1//etc/uvm-1.1/tlm2/uvm_tlm2_ports.svh'.
Back to file '/usr/synopsys/vcs-mx_L-2016.06-SP1//etc/uvm-1.1/tlm2/uvm_tlm2.svh'.
Parsing included file '/usr/synopsys/vcs-mx_L-2016.06-SP1//etc/uvm-1.1/tlm2/uvm_tlm2_exports.svh'.
Back to file '/usr/synopsys/vcs-mx_L-2016.06-SP1//etc/uvm-1.1/tlm2/uvm_tlm2.svh'.
Parsing included file '/usr/synopsys/vcs-mx_L-2016.06-SP1//etc/uvm-1.1/tlm2/uvm_tlm2_sockets_base.svh'.
Back to file '/usr/synopsys/vcs-mx_L-2016.06-SP1//etc/uvm-1.1/tlm2/uvm_tlm2.svh'.
Parsing included file '/usr/synopsys/vcs-mx_L-2016.06-SP1//etc/uvm-1.1/tlm2/uvm_tlm2_sockets.svh'.
Back to file '/usr/synopsys/vcs-mx_L-2016.06-SP1//etc/uvm-1.1/tlm2/uvm_tlm2.svh'.
Back to file '/usr/synopsys/vcs-mx_L-2016.06-SP1//etc/uvm-1.1/uvm_pkg.sv'.
Parsing included file '/usr/synopsys/vcs-mx_L-2016.06-SP1//etc/uvm-1.1/reg/uvm_reg_model.svh'.
Parsing included file '/usr/synopsys/vcs-mx_L-2016.06-SP1//etc/uvm-1.1/reg/uvm_reg_item.svh'.
Back to file '/usr/synopsys/vcs-mx_L-2016.06-SP1//etc/uvm-1.1/reg/uvm_reg_model.svh'.
Parsing included file '/usr/synopsys/vcs-mx_L-2016.06-SP1//etc/uvm-1.1/reg/uvm_reg_adapter.svh'.
Back to file '/usr/synopsys/vcs-mx_L-2016.06-SP1//etc/uvm-1.1/reg/uvm_reg_model.svh'.
Parsing included file '/usr/synopsys/vcs-mx_L-2016.06-SP1//etc/uvm-1.1/reg/uvm_reg_predictor.svh'.
Back to file '/usr/synopsys/vcs-mx_L-2016.06-SP1//etc/uvm-1.1/reg/uvm_reg_model.svh'.
Parsing included file '/usr/synopsys/vcs-mx_L-2016.06-SP1//etc/uvm-1.1/reg/uvm_reg_sequence.svh'.
Back to file '/usr/synopsys/vcs-mx_L-2016.06-SP1//etc/uvm-1.1/reg/uvm_reg_model.svh'.
Parsing included file '/usr/synopsys/vcs-mx_L-2016.06-SP1//etc/uvm-1.1/reg/uvm_reg_cbs.svh'.
Back to file '/usr/synopsys/vcs-mx_L-2016.06-SP1//etc/uvm-1.1/reg/uvm_reg_model.svh'.
Parsing included file '/usr/synopsys/vcs-mx_L-2016.06-SP1//etc/uvm-1.1/reg/uvm_reg_backdoor.svh'.
Back to file '/usr/synopsys/vcs-mx_L-2016.06-SP1//etc/uvm-1.1/reg/uvm_reg_model.svh'.
Parsing included file '/usr/synopsys/vcs-mx_L-2016.06-SP1//etc/uvm-1.1/reg/uvm_reg_field.svh'.
Back to file '/usr/synopsys/vcs-mx_L-2016.06-SP1//etc/uvm-1.1/reg/uvm_reg_model.svh'.
Parsing included file '/usr/synopsys/vcs-mx_L-2016.06-SP1//etc/uvm-1.1/reg/uvm_vreg_field.svh'.
Back to file '/usr/synopsys/vcs-mx_L-2016.06-SP1//etc/uvm-1.1/reg/uvm_reg_model.svh'.
Parsing included file '/usr/synopsys/vcs-mx_L-2016.06-SP1//etc/uvm-1.1/reg/uvm_reg.svh'.
Back to file '/usr/synopsys/vcs-mx_L-2016.06-SP1//etc/uvm-1.1/reg/uvm_reg_model.svh'.
Parsing included file '/usr/synopsys/vcs-mx_L-2016.06-SP1//etc/uvm-1.1/reg/uvm_reg_indirect.svh'.
Back to file '/usr/synopsys/vcs-mx_L-2016.06-SP1//etc/uvm-1.1/reg/uvm_reg_model.svh'.
Parsing included file '/usr/synopsys/vcs-mx_L-2016.06-SP1//etc/uvm-1.1/reg/uvm_reg_fifo.svh'.
Back to file '/usr/synopsys/vcs-mx_L-2016.06-SP1//etc/uvm-1.1/reg/uvm_reg_model.svh'.
Parsing included file '/usr/synopsys/vcs-mx_L-2016.06-SP1//etc/uvm-1.1/reg/uvm_reg_file.svh'.
Back to file '/usr/synopsys/vcs-mx_L-2016.06-SP1//etc/uvm-1.1/reg/uvm_reg_model.svh'.
Parsing included file '/usr/synopsys/vcs-mx_L-2016.06-SP1//etc/uvm-1.1/reg/uvm_mem_mam.svh'.
Back to file '/usr/synopsys/vcs-mx_L-2016.06-SP1//etc/uvm-1.1/reg/uvm_reg_model.svh'.
Parsing included file '/usr/synopsys/vcs-mx_L-2016.06-SP1//etc/uvm-1.1/reg/uvm_vreg.svh'.
Back to file '/usr/synopsys/vcs-mx_L-2016.06-SP1//etc/uvm-1.1/reg/uvm_reg_model.svh'.
Parsing included file '/usr/synopsys/vcs-mx_L-2016.06-SP1//etc/uvm-1.1/reg/uvm_mem.svh'.
Back to file '/usr/synopsys/vcs-mx_L-2016.06-SP1//etc/uvm-1.1/reg/uvm_reg_model.svh'.
Parsing included file '/usr/synopsys/vcs-mx_L-2016.06-SP1//etc/uvm-1.1/reg/uvm_reg_map.svh'.
Back to file '/usr/synopsys/vcs-mx_L-2016.06-SP1//etc/uvm-1.1/reg/uvm_reg_model.svh'.
Parsing included file '/usr/synopsys/vcs-mx_L-2016.06-SP1//etc/uvm-1.1/reg/uvm_reg_block.svh'.
Back to file '/usr/synopsys/vcs-mx_L-2016.06-SP1//etc/uvm-1.1/reg/uvm_reg_model.svh'.
Parsing included file '/usr/synopsys/vcs-mx_L-2016.06-SP1//etc/uvm-1.1/reg/sequences/uvm_reg_hw_reset_seq.svh'.
Back to file '/usr/synopsys/vcs-mx_L-2016.06-SP1//etc/uvm-1.1/reg/uvm_reg_model.svh'.
Parsing included file '/usr/synopsys/vcs-mx_L-2016.06-SP1//etc/uvm-1.1/reg/sequences/uvm_reg_bit_bash_seq.svh'.
Back to file '/usr/synopsys/vcs-mx_L-2016.06-SP1//etc/uvm-1.1/reg/uvm_reg_model.svh'.
Parsing included file '/usr/synopsys/vcs-mx_L-2016.06-SP1//etc/uvm-1.1/reg/sequences/uvm_mem_walk_seq.svh'.
Back to file '/usr/synopsys/vcs-mx_L-2016.06-SP1//etc/uvm-1.1/reg/uvm_reg_model.svh'.
Parsing included file '/usr/synopsys/vcs-mx_L-2016.06-SP1//etc/uvm-1.1/reg/sequences/uvm_mem_access_seq.svh'.
Back to file '/usr/synopsys/vcs-mx_L-2016.06-SP1//etc/uvm-1.1/reg/uvm_reg_model.svh'.
Parsing included file '/usr/synopsys/vcs-mx_L-2016.06-SP1//etc/uvm-1.1/reg/sequences/uvm_reg_access_seq.svh'.
Back to file '/usr/synopsys/vcs-mx_L-2016.06-SP1//etc/uvm-1.1/reg/uvm_reg_model.svh'.
Parsing included file '/usr/synopsys/vcs-mx_L-2016.06-SP1//etc/uvm-1.1/reg/sequences/uvm_reg_mem_shared_access_seq.svh'.
Back to file '/usr/synopsys/vcs-mx_L-2016.06-SP1//etc/uvm-1.1/reg/uvm_reg_model.svh'.
Parsing included file '/usr/synopsys/vcs-mx_L-2016.06-SP1//etc/uvm-1.1/reg/sequences/uvm_reg_mem_built_in_seq.svh'.
Back to file '/usr/synopsys/vcs-mx_L-2016.06-SP1//etc/uvm-1.1/reg/uvm_reg_model.svh'.
Parsing included file '/usr/synopsys/vcs-mx_L-2016.06-SP1//etc/uvm-1.1/reg/sequences/uvm_reg_mem_hdl_paths_seq.svh'.
Back to file '/usr/synopsys/vcs-mx_L-2016.06-SP1//etc/uvm-1.1/reg/uvm_reg_model.svh'.
Parsing included file '/usr/synopsys/vcs-mx_L-2016.06-SP1//etc/uvm-1.1/reg/snps_uvm_reg_bank.svh'.
Back to file '/usr/synopsys/vcs-mx_L-2016.06-SP1//etc/uvm-1.1/reg/uvm_reg_model.svh'.
Back to file '/usr/synopsys/vcs-mx_L-2016.06-SP1//etc/uvm-1.1/uvm_pkg.sv'.
Parsing design file 'testcase.sv'
Parsing included file 'testclass.sv'.
Back to file 'testcase.sv'.
Top Level Modules:
       testcase
No TimeScale specified
Starting vcs inline pass...

3 unique modules to generate
recompiling package vcs_paramclassrepository
recompiling package uvm_pkg
recompiling module testcase
All of 3 modules done
rm -f _csrc*.so pre_vcsobj_*.so share_vcsobj_*.so
ld -shared  -o .//../simv.daidir//_csrc0.so objs/amcQw_d.o 
rm -f _csrc0.so
if [ -x ../simv ]; then chmod -x ../simv; fi
g++  -o ../simv   -Wl,-rpath-link=./ -Wl,-rpath='$ORIGIN'/simv.daidir/ -Wl,-rpath=./simv.daidir/ \
-Wl,-rpath='$ORIGIN'/simv.daidir//scsim.db.dir  -rdynamic  /usr/synopsys/vcs-mx_L-2016.06-SP1/linux64/lib/vpdlogstub.o \
uvm_dpi.o     _27382_archive_1.so _prev_archive_1.so _csrc0.so  SIM_l.o  _csrc0.so \
rmapats_mop.o rmapats.o rmar.o  rmar_llvm_0_1.o rmar_llvm_0_0.o          /usr/synopsys/vcs-mx_L-2016.06-SP1/linux64/lib/libzerosoft_rt_stubs.so \
/usr/synopsys/vcs-mx_L-2016.06-SP1/linux64/lib/libvirsim.so /usr/synopsys/vcs-mx_L-2016.06-SP1/linux64/lib/liberrorinf.so \
/usr/synopsys/vcs-mx_L-2016.06-SP1/linux64/lib/libsnpsmalloc.so    /usr/synopsys/vcs-mx_L-2016.06-SP1/linux64/lib/libvcsnew.so \
/usr/synopsys/vcs-mx_L-2016.06-SP1/linux64/lib/libsimprofile.so /usr/synopsys/vcs-mx_L-2016.06-SP1/linux64/lib/libuclinative.so \
-Wl,-whole-archive /usr/synopsys/vcs-mx_L-2016.06-SP1/linux64/lib/libvcsucli.so -Wl,-no-whole-archive \
./../simv.daidir/vc_hdrs.o    /usr/synopsys/vcs-mx_L-2016.06-SP1/linux64/lib/vcs_save_restore_new.o \
-ldl  -lc -lm -lpthread -ldl 
../simv up to date
Command: ./simv -a vcs.log +UVM_TESTNAME=hello_world +define+UVM_DIRECTC_OPTS
Chronologic VCS simulator copyright 1991-2016
Contains Synopsys proprietary information.
Compiler version L-2016.06-SP1_Full64; Runtime version L-2016.06-SP1_Full64;  Jan 30 20:19 2018
----------------------------------------------------------------
UVM-1.1d.Synopsys
(C) 2007-2013 Mentor Graphics Corporation
(C) 2007-2013 Cadence Design Systems, Inc.
(C) 2006-2013 Synopsys, Inc.
(C) 2011-2013 Cypress Semiconductor Corp.
----------------------------------------------------------------

  ***********       IMPORTANT RELEASE NOTES         ************

  You are using a version of the UVM library that has been compiled
  with `UVM_NO_DEPRECATED undefined.
  See http://www.eda.org/svdb/view.php?id=3313 for more details.

  You are using a version of the UVM library that has been compiled
  with `UVM_OBJECT_MUST_HAVE_CONSTRUCTOR undefined.
  See http://www.eda.org/svdb/view.php?id=3770 for more details.

      (Specify +UVM_NO_RELNOTES to turn off this notice)

UVM_INFO @ 0: reporter [RNTST] Running test hello_world...
==========Hello World==========
==========I am Donald Trump==========
UVM_INFO @ 0: reporter [UVMTOP] UVM testbench topology:
--------------------------------------
Name          Type         Size  Value
--------------------------------------
uvm_test_top  hello_world  -     @455 
--------------------------------------


--- UVM Report Summary ---

** Report counts by severity
UVM_INFO :    2
UVM_WARNING :    0
UVM_ERROR :    0
UVM_FATAL :    0
** Report counts by id
[RNTST]     1
[UVMTOP]     1
$finish called from file "/usr/synopsys/vcs-mx_L-2016.06-SP1//etc/uvm-1.1/base/uvm_root.svh", line 439.
$finish at simulation time                    0
           V C S   S i m u l a t i o n   R e p o r t 
Time: 0
CPU Time:      0.330 seconds;       Data structure size:   0.2Mb
Tue Jan 30 20:19:32 2018
CPU time: 5.931 seconds to compile + .015 seconds to elab + .191 seconds to link + .448 seconds in simulation
